  stdafx.cpp
  StopWait.cpp
  StopWaitRdtReceiver.cpp
  StopWaitRdtSender.cpp
netsimlib.lib(NetworkServiceSimulator.obj) : error LNK2038: 检测到“_ITERATOR_DEBUG_LEVEL”的不匹配项: 值“2”不匹配值“0”(stdafx.obj 中)
netsimlib.lib(NetworkServiceSimulator.obj) : error LNK2038: 检测到“RuntimeLibrary”的不匹配项: 值“MDd_DynamicDebug”不匹配值“MD_DynamicRelease”(stdafx.obj 中)
netsimlib.lib(NetworkServiceSimulator.obj) : warning LNK4075: 忽略“/EDITANDCONTINUE”(由于“/OPT:ICF”规范)
netsimlib.lib(RdtReceiver.obj) : error LNK2038: 检测到“_ITERATOR_DEBUG_LEVEL”的不匹配项: 值“2”不匹配值“0”(stdafx.obj 中)
netsimlib.lib(RdtReceiver.obj) : error LNK2038: 检测到“RuntimeLibrary”的不匹配项: 值“MDd_DynamicDebug”不匹配值“MD_DynamicRelease”(stdafx.obj 中)
netsimlib.lib(DataStructure.obj) : error LNK2038: 检测到“_ITERATOR_DEBUG_LEVEL”的不匹配项: 值“2”不匹配值“0”(stdafx.obj 中)
netsimlib.lib(DataStructure.obj) : error LNK2038: 检测到“RuntimeLibrary”的不匹配项: 值“MDd_DynamicDebug”不匹配值“MD_DynamicRelease”(stdafx.obj 中)
netsimlib.lib(RdtSender.obj) : error LNK2038: 检测到“_ITERATOR_DEBUG_LEVEL”的不匹配项: 值“2”不匹配值“0”(stdafx.obj 中)
netsimlib.lib(RdtSender.obj) : error LNK2038: 检测到“RuntimeLibrary”的不匹配项: 值“MDd_DynamicDebug”不匹配值“MD_DynamicRelease”(stdafx.obj 中)
netsimlib.lib(Utils.obj) : error LNK2038: 检测到“_ITERATOR_DEBUG_LEVEL”的不匹配项: 值“2”不匹配值“0”(stdafx.obj 中)
netsimlib.lib(Utils.obj) : error LNK2038: 检测到“RuntimeLibrary”的不匹配项: 值“MDd_DynamicDebug”不匹配值“MD_DynamicRelease”(stdafx.obj 中)
netsimlib.lib(RandomEvent.obj) : error LNK2038: 检测到“_ITERATOR_DEBUG_LEVEL”的不匹配项: 值“2”不匹配值“0”(stdafx.obj 中)
netsimlib.lib(RandomEvent.obj) : error LNK2038: 检测到“RuntimeLibrary”的不匹配项: 值“MDd_DynamicDebug”不匹配值“MD_DynamicRelease”(stdafx.obj 中)
netsimlib.lib(RandomEventList.obj) : error LNK2038: 检测到“_ITERATOR_DEBUG_LEVEL”的不匹配项: 值“2”不匹配值“0”(stdafx.obj 中)
netsimlib.lib(RandomEventList.obj) : error LNK2038: 检测到“RuntimeLibrary”的不匹配项: 值“MDd_DynamicDebug”不匹配值“MD_DynamicRelease”(stdafx.obj 中)
netsimlib.lib(NetworkService.obj) : error LNK2038: 检测到“_ITERATOR_DEBUG_LEVEL”的不匹配项: 值“2”不匹配值“0”(stdafx.obj 中)
netsimlib.lib(NetworkService.obj) : error LNK2038: 检测到“RuntimeLibrary”的不匹配项: 值“MDd_DynamicDebug”不匹配值“MD_DynamicRelease”(stdafx.obj 中)
netsimlib.lib(FileAppMessageFeeder.obj) : error LNK2038: 检测到“_ITERATOR_DEBUG_LEVEL”的不匹配项: 值“2”不匹配值“0”(stdafx.obj 中)
netsimlib.lib(FileAppMessageFeeder.obj) : error LNK2038: 检测到“RuntimeLibrary”的不匹配项: 值“MDd_DynamicDebug”不匹配值“MD_DynamicRelease”(stdafx.obj 中)
netsimlib.lib(FileAppMessageWriter.obj) : error LNK2038: 检测到“_ITERATOR_DEBUG_LEVEL”的不匹配项: 值“2”不匹配值“0”(stdafx.obj 中)
netsimlib.lib(FileAppMessageWriter.obj) : error LNK2038: 检测到“RuntimeLibrary”的不匹配项: 值“MDd_DynamicDebug”不匹配值“MD_DynamicRelease”(stdafx.obj 中)
netsimlib.lib(NetworkServiceConfiguration.obj) : error LNK2038: 检测到“_ITERATOR_DEBUG_LEVEL”的不匹配项: 值“2”不匹配值“0”(stdafx.obj 中)
netsimlib.lib(NetworkServiceConfiguration.obj) : error LNK2038: 检测到“RuntimeLibrary”的不匹配项: 值“MDd_DynamicDebug”不匹配值“MD_DynamicRelease”(stdafx.obj 中)
netsimlib.lib(stdafx.obj) : error LNK2038: 检测到“_ITERATOR_DEBUG_LEVEL”的不匹配项: 值“2”不匹配值“0”(stdafx.obj 中)
netsimlib.lib(stdafx.obj) : error LNK2038: 检测到“RuntimeLibrary”的不匹配项: 值“MDd_DynamicDebug”不匹配值“MD_DynamicRelease”(stdafx.obj 中)
netsimlib.lib(Tool.obj) : error LNK2038: 检测到“_ITERATOR_DEBUG_LEVEL”的不匹配项: 值“2”不匹配值“0”(stdafx.obj 中)
netsimlib.lib(Tool.obj) : error LNK2038: 检测到“RuntimeLibrary”的不匹配项: 值“MDd_DynamicDebug”不匹配值“MD_DynamicRelease”(stdafx.obj 中)
LINK : warning LNK4098: 默认库“MSVCRTD”与其他库的使用冲突；请使用 /NODEFAULTLIB:library
netsimlib.lib(NetworkServiceSimulator.obj) : error LNK2001: 无法解析的外部符号 __imp___invalid_parameter
netsimlib.lib(FileAppMessageFeeder.obj) : error LNK2001: 无法解析的外部符号 __imp___invalid_parameter
netsimlib.lib(FileAppMessageWriter.obj) : error LNK2001: 无法解析的外部符号 __imp___invalid_parameter
netsimlib.lib(NetworkServiceSimulator.obj) : error LNK2001: 无法解析的外部符号 __imp___CrtDbgReport
netsimlib.lib(FileAppMessageFeeder.obj) : error LNK2001: 无法解析的外部符号 __imp___CrtDbgReport
netsimlib.lib(FileAppMessageWriter.obj) : error LNK2001: 无法解析的外部符号 __imp___CrtDbgReport
D:\计算机网络\实验资料\实验二RDT\my_Rdt\my_Rdt\Release\my_Rdt.exe : fatal error LNK1120: 2 个无法解析的外部命令
